{"C:\\Users\\Unai\\Documents\\1DAM\\ISO\\edp-calculadora\\js\\model.js": {"path":"C:\\Users\\Unai\\Documents\\1DAM\\ISO\\edp-calculadora\\js\\model.js","statementMap":{"0":{"start":{"line":5,"column":8},"end":{"line":5,"column":32}},"1":{"start":{"line":6,"column":8},"end":{"line":6,"column":32}},"2":{"start":{"line":7,"column":8},"end":{"line":7,"column":34}},"3":{"start":{"line":11,"column":8},"end":{"line":23,"column":9}},"4":{"start":{"line":12,"column":12},"end":{"line":15,"column":46}},"5":{"start":{"line":13,"column":16},"end":{"line":13,"column":45}},"6":{"start":{"line":15,"column":16},"end":{"line":15,"column":46}},"7":{"start":{"line":16,"column":12},"end":{"line":16,"column":31}},"8":{"start":{"line":18,"column":12},"end":{"line":21,"column":46}},"9":{"start":{"line":19,"column":16},"end":{"line":19,"column":45}},"10":{"start":{"line":21,"column":16},"end":{"line":21,"column":46}},"11":{"start":{"line":22,"column":12},"end":{"line":22,"column":31}},"12":{"start":{"line":27,"column":8},"end":{"line":42,"column":9}},"13":{"start":{"line":28,"column":12},"end":{"line":31,"column":35}},"14":{"start":{"line":29,"column":16},"end":{"line":29,"column":35}},"15":{"start":{"line":30,"column":17},"end":{"line":31,"column":35}},"16":{"start":{"line":31,"column":16},"end":{"line":31,"column":35}},"17":{"start":{"line":33,"column":12},"end":{"line":33,"column":31}},"18":{"start":{"line":36,"column":12},"end":{"line":39,"column":35}},"19":{"start":{"line":37,"column":16},"end":{"line":37,"column":35}},"20":{"start":{"line":38,"column":17},"end":{"line":39,"column":35}},"21":{"start":{"line":39,"column":16},"end":{"line":39,"column":35}},"22":{"start":{"line":41,"column":12},"end":{"line":41,"column":31}},"23":{"start":{"line":47,"column":8},"end":{"line":51,"column":9}},"24":{"start":{"line":48,"column":12},"end":{"line":48,"column":36}},"25":{"start":{"line":49,"column":12},"end":{"line":49,"column":38}},"26":{"start":{"line":50,"column":12},"end":{"line":50,"column":31}},"27":{"start":{"line":54,"column":8},"end":{"line":59,"column":9}},"28":{"start":{"line":55,"column":12},"end":{"line":55,"column":38}},"29":{"start":{"line":56,"column":12},"end":{"line":56,"column":36}},"30":{"start":{"line":57,"column":12},"end":{"line":57,"column":38}},"31":{"start":{"line":58,"column":12},"end":{"line":58,"column":31}},"32":{"start":{"line":62,"column":8},"end":{"line":67,"column":9}},"33":{"start":{"line":63,"column":12},"end":{"line":63,"column":36}},"34":{"start":{"line":64,"column":12},"end":{"line":64,"column":36}},"35":{"start":{"line":65,"column":12},"end":{"line":65,"column":38}},"36":{"start":{"line":66,"column":12},"end":{"line":66,"column":27}},"37":{"start":{"line":69,"column":16},"end":{"line":69,"column":39}},"38":{"start":{"line":70,"column":16},"end":{"line":70,"column":39}},"39":{"start":{"line":72,"column":23},"end":{"line":72,"column":53}},"40":{"start":{"line":74,"column":8},"end":{"line":74,"column":29}},"41":{"start":{"line":75,"column":8},"end":{"line":75,"column":32}},"42":{"start":{"line":76,"column":8},"end":{"line":76,"column":34}},"43":{"start":{"line":77,"column":8},"end":{"line":77,"column":22}},"44":{"start":{"line":81,"column":8},"end":{"line":81,"column":32}},"45":{"start":{"line":82,"column":8},"end":{"line":82,"column":32}},"46":{"start":{"line":83,"column":8},"end":{"line":83,"column":34}}},"fnMap":{"0":{"name":"(anonymous_0)","decl":{"start":{"line":4,"column":4},"end":{"line":4,"column":5}},"loc":{"start":{"line":4,"column":18},"end":{"line":8,"column":5}},"line":4},"1":{"name":"(anonymous_1)","decl":{"start":{"line":10,"column":4},"end":{"line":10,"column":5}},"loc":{"start":{"line":10,"column":13},"end":{"line":24,"column":5}},"line":10},"2":{"name":"(anonymous_2)","decl":{"start":{"line":26,"column":4},"end":{"line":26,"column":5}},"loc":{"start":{"line":26,"column":16},"end":{"line":43,"column":5}},"line":26},"3":{"name":"(anonymous_3)","decl":{"start":{"line":45,"column":4},"end":{"line":45,"column":5}},"loc":{"start":{"line":45,"column":14},"end":{"line":78,"column":5}},"line":45},"4":{"name":"(anonymous_4)","decl":{"start":{"line":80,"column":4},"end":{"line":80,"column":5}},"loc":{"start":{"line":80,"column":12},"end":{"line":84,"column":5}},"line":80}},"branchMap":{"0":{"loc":{"start":{"line":11,"column":8},"end":{"line":23,"column":9}},"type":"if","locations":[{"start":{"line":11,"column":8},"end":{"line":23,"column":9}},{"start":{"line":17,"column":15},"end":{"line":23,"column":9}}],"line":11},"1":{"loc":{"start":{"line":12,"column":12},"end":{"line":15,"column":46}},"type":"if","locations":[{"start":{"line":12,"column":12},"end":{"line":15,"column":46}},{"start":{"line":15,"column":16},"end":{"line":15,"column":46}}],"line":12},"2":{"loc":{"start":{"line":18,"column":12},"end":{"line":21,"column":46}},"type":"if","locations":[{"start":{"line":18,"column":12},"end":{"line":21,"column":46}},{"start":{"line":21,"column":16},"end":{"line":21,"column":46}}],"line":18},"3":{"loc":{"start":{"line":27,"column":8},"end":{"line":42,"column":9}},"type":"if","locations":[{"start":{"line":27,"column":8},"end":{"line":42,"column":9}},{"start":{"line":35,"column":13},"end":{"line":42,"column":9}}],"line":27},"4":{"loc":{"start":{"line":28,"column":12},"end":{"line":31,"column":35}},"type":"if","locations":[{"start":{"line":28,"column":12},"end":{"line":31,"column":35}},{"start":{"line":30,"column":17},"end":{"line":31,"column":35}}],"line":28},"5":{"loc":{"start":{"line":30,"column":17},"end":{"line":31,"column":35}},"type":"if","locations":[{"start":{"line":30,"column":17},"end":{"line":31,"column":35}},{"start":{},"end":{}}],"line":30},"6":{"loc":{"start":{"line":36,"column":12},"end":{"line":39,"column":35}},"type":"if","locations":[{"start":{"line":36,"column":12},"end":{"line":39,"column":35}},{"start":{"line":38,"column":17},"end":{"line":39,"column":35}}],"line":36},"7":{"loc":{"start":{"line":38,"column":17},"end":{"line":39,"column":35}},"type":"if","locations":[{"start":{"line":38,"column":17},"end":{"line":39,"column":35}},{"start":{},"end":{}}],"line":38},"8":{"loc":{"start":{"line":47,"column":8},"end":{"line":51,"column":9}},"type":"if","locations":[{"start":{"line":47,"column":8},"end":{"line":51,"column":9}},{"start":{},"end":{}}],"line":47},"9":{"loc":{"start":{"line":47,"column":11},"end":{"line":47,"column":96}},"type":"binary-expr","locations":[{"start":{"line":47,"column":11},"end":{"line":47,"column":36}},{"start":{"line":47,"column":40},"end":{"line":47,"column":67}},{"start":{"line":47,"column":71},"end":{"line":47,"column":96}}],"line":47},"10":{"loc":{"start":{"line":54,"column":8},"end":{"line":59,"column":9}},"type":"if","locations":[{"start":{"line":54,"column":8},"end":{"line":59,"column":9}},{"start":{},"end":{}}],"line":54},"11":{"loc":{"start":{"line":54,"column":11},"end":{"line":54,"column":96}},"type":"binary-expr","locations":[{"start":{"line":54,"column":11},"end":{"line":54,"column":36}},{"start":{"line":54,"column":40},"end":{"line":54,"column":67}},{"start":{"line":54,"column":71},"end":{"line":54,"column":96}}],"line":54},"12":{"loc":{"start":{"line":62,"column":8},"end":{"line":67,"column":9}},"type":"if","locations":[{"start":{"line":62,"column":8},"end":{"line":67,"column":9}},{"start":{},"end":{}}],"line":62},"13":{"loc":{"start":{"line":62,"column":11},"end":{"line":62,"column":96}},"type":"binary-expr","locations":[{"start":{"line":62,"column":11},"end":{"line":62,"column":36}},{"start":{"line":62,"column":40},"end":{"line":62,"column":65}},{"start":{"line":62,"column":69},"end":{"line":62,"column":96}}],"line":62}},"s":{"0":15,"1":15,"2":15,"3":29,"4":21,"5":13,"6":8,"7":21,"8":8,"9":5,"10":3,"11":8,"12":6,"13":4,"14":1,"15":3,"16":3,"17":4,"18":2,"19":1,"20":1,"21":1,"22":2,"23":4,"24":1,"25":1,"26":1,"27":3,"28":1,"29":1,"30":1,"31":1,"32":2,"33":1,"34":1,"35":1,"36":1,"37":1,"38":1,"39":1,"40":1,"41":1,"42":1,"43":1,"44":1,"45":1,"46":1},"f":{"0":15,"1":29,"2":6,"3":4,"4":1},"b":{"0":[21,8],"1":[13,8],"2":[5,3],"3":[4,2],"4":[1,3],"5":[3,0],"6":[1,1],"7":[1,0],"8":[1,3],"9":[4,2,1],"10":[1,2],"11":[3,2,1],"12":[1,1],"13":[2,2,1]},"_coverageSchema":"1a1c01bbd47fc00a2c39e90264f33305004495a9","hash":"3b7541aceb1759b0e1264cd5700228ebc264a994"}
,"C:\\Users\\Unai\\Documents\\1DAM\\ISO\\edp-calculadora\\js\\utils.js": {"path":"C:\\Users\\Unai\\Documents\\1DAM\\ISO\\edp-calculadora\\js\\utils.js","statementMap":{"0":{"start":{"line":2,"column":4},"end":{"line":4,"column":5}},"1":{"start":{"line":3,"column":8},"end":{"line":3,"column":21}},"2":{"start":{"line":5,"column":4},"end":{"line":7,"column":5}},"3":{"start":{"line":6,"column":8},"end":{"line":6,"column":21}},"4":{"start":{"line":8,"column":4},"end":{"line":10,"column":5}},"5":{"start":{"line":9,"column":8},"end":{"line":9,"column":21}},"6":{"start":{"line":11,"column":4},"end":{"line":13,"column":5}},"7":{"start":{"line":12,"column":8},"end":{"line":12,"column":21}}},"fnMap":{"0":{"name":"calculate","decl":{"start":{"line":1,"column":16},"end":{"line":1,"column":25}},"loc":{"start":{"line":1,"column":36},"end":{"line":14,"column":1}},"line":1}},"branchMap":{"0":{"loc":{"start":{"line":2,"column":4},"end":{"line":4,"column":5}},"type":"if","locations":[{"start":{"line":2,"column":4},"end":{"line":4,"column":5}},{"start":{},"end":{}}],"line":2},"1":{"loc":{"start":{"line":5,"column":4},"end":{"line":7,"column":5}},"type":"if","locations":[{"start":{"line":5,"column":4},"end":{"line":7,"column":5}},{"start":{},"end":{}}],"line":5},"2":{"loc":{"start":{"line":8,"column":4},"end":{"line":10,"column":5}},"type":"if","locations":[{"start":{"line":8,"column":4},"end":{"line":10,"column":5}},{"start":{},"end":{}}],"line":8},"3":{"loc":{"start":{"line":11,"column":4},"end":{"line":13,"column":5}},"type":"if","locations":[{"start":{"line":11,"column":4},"end":{"line":13,"column":5}},{"start":{},"end":{}}],"line":11}},"s":{"0":5,"1":2,"2":3,"3":1,"4":2,"5":1,"6":1,"7":1},"f":{"0":5},"b":{"0":[2,3],"1":[1,2],"2":[1,1],"3":[1,0]},"_coverageSchema":"1a1c01bbd47fc00a2c39e90264f33305004495a9","hash":"37d89f51bbb55c2b401f6c7aae8ea4213d7f2d6c"}
}
