TN:
SF:js\model.js
FN:4,(anonymous_0)
FN:10,(anonymous_1)
FN:26,(anonymous_2)
FN:45,(anonymous_3)
FN:80,(anonymous_4)
FNF:5
FNH:5
FNDA:15,(anonymous_0)
FNDA:29,(anonymous_1)
FNDA:6,(anonymous_2)
FNDA:4,(anonymous_3)
FNDA:1,(anonymous_4)
DA:5,15
DA:6,15
DA:7,15
DA:11,29
DA:12,21
DA:13,13
DA:15,8
DA:16,21
DA:18,8
DA:19,5
DA:21,3
DA:22,8
DA:27,6
DA:28,4
DA:29,1
DA:30,3
DA:31,3
DA:33,4
DA:36,2
DA:37,1
DA:38,1
DA:39,1
DA:41,2
DA:47,4
DA:48,1
DA:49,1
DA:50,1
DA:54,3
DA:55,1
DA:56,1
DA:57,1
DA:58,1
DA:62,2
DA:63,1
DA:64,1
DA:65,1
DA:66,1
DA:69,1
DA:70,1
DA:72,1
DA:74,1
DA:75,1
DA:76,1
DA:77,1
DA:81,1
DA:82,1
DA:83,1
LF:47
LH:47
BRDA:11,0,0,21
BRDA:11,0,1,8
BRDA:12,1,0,13
BRDA:12,1,1,8
BRDA:18,2,0,5
BRDA:18,2,1,3
BRDA:27,3,0,4
BRDA:27,3,1,2
BRDA:28,4,0,1
BRDA:28,4,1,3
BRDA:30,5,0,3
BRDA:30,5,1,0
BRDA:36,6,0,1
BRDA:36,6,1,1
BRDA:38,7,0,1
BRDA:38,7,1,0
BRDA:47,8,0,1
BRDA:47,8,1,3
BRDA:47,9,0,4
BRDA:47,9,1,2
BRDA:47,9,2,1
BRDA:54,10,0,1
BRDA:54,10,1,2
BRDA:54,11,0,3
BRDA:54,11,1,2
BRDA:54,11,2,1
BRDA:62,12,0,1
BRDA:62,12,1,1
BRDA:62,13,0,2
BRDA:62,13,1,2
BRDA:62,13,2,1
BRF:31
BRH:29
end_of_record
TN:
SF:js\utils.js
FN:1,calculate
FNF:1
FNH:1
FNDA:5,calculate
DA:2,5
DA:3,2
DA:5,3
DA:6,1
DA:8,2
DA:9,1
DA:11,1
DA:12,1
LF:8
LH:8
BRDA:2,0,0,2
BRDA:2,0,1,3
BRDA:5,1,0,1
BRDA:5,1,1,2
BRDA:8,2,0,1
BRDA:8,2,1,1
BRDA:11,3,0,1
BRDA:11,3,1,0
BRF:8
BRH:7
end_of_record
